<?xml version="1.0" encoding="UTF-8"?>
<!-- Generated by org.testng.reporters.JUnitReportReporter -->
<testsuite skipped="0" hostname="DESKTOP-U8UDBFC" name="testcases.LoginAndLogout" tests="1" failures="0" timestamp="2020-08-29T18:06:57 IST" time="18.017" errors="0">
  <testcase name="runLoginLogout" time="18.017" classname="testcases.LoginAndLogout"/>
  <system-out/>
</testsuite> <!-- testcases.LoginAndLogout -->
