<?xml version="1.0" encoding="UTF-8"?>
<!-- Generated by org.testng.reporters.JUnitReportReporter -->
<testsuite skipped="0" hostname="DESKTOP-U8UDBFC" name="testcases.LoginAndVerify" tests="2" failures="0" timestamp="2020-08-29T18:06:57 IST" time="29.170" errors="0">
  <testcase name="runLoginVerify" time="18.822" classname="testcases.LoginAndVerify"/>
  <system-out/>
  <testcase name="runLoginVerify" time="10.348" classname="testcases.LoginAndVerify"/>
  <system-out/>
</testsuite> <!-- testcases.LoginAndVerify -->
